c:\users\scorp\documents\sae\pdcg\sae_pdcg\principiosdecg\sierpinski\x64\debug\sierpinski.pch
c:\users\scorp\documents\sae\pdcg\sae_pdcg\principiosdecg\sierpinski\x64\debug\vc141.pdb
c:\users\scorp\documents\sae\pdcg\sae_pdcg\principiosdecg\sierpinski\x64\debug\vc141.idb
c:\users\scorp\documents\sae\pdcg\sae_pdcg\principiosdecg\sierpinski\x64\debug\pch.obj
c:\users\scorp\documents\sae\pdcg\sae_pdcg\principiosdecg\sierpinski\x64\debug\vector3d.obj
c:\users\scorp\documents\sae\pdcg\sae_pdcg\principiosdecg\sierpinski\x64\debug\shaderfuncs.obj
c:\users\scorp\documents\sae\pdcg\sae_pdcg\principiosdecg\sierpinski\x64\debug\pixel.obj
c:\users\scorp\documents\sae\pdcg\sae_pdcg\principiosdecg\sierpinski\x64\debug\matrix3.obj
c:\users\scorp\documents\sae\pdcg\sae_pdcg\principiosdecg\sierpinski\x64\debug\baseapplication.obj
c:\users\scorp\documents\sae\pdcg\sae_pdcg\principiosdecg\sierpinski\x64\debug\application.obj
c:\users\scorp\documents\sae\pdcg\sae_pdcg\principiosdecg\sierpinski\x64\debug\sierpinski.obj
c:\users\scorp\documents\sae\pdcg\sae_pdcg\principiosdecg\x64\debug\sierpinski.exe
c:\users\scorp\documents\sae\pdcg\sae_pdcg\principiosdecg\x64\debug\sierpinski.ilk
c:\users\scorp\documents\sae\pdcg\sae_pdcg\principiosdecg\x64\debug\sierpinski.pdb
c:\users\scorp\documents\sae\pdcg\sae_pdcg\principiosdecg\sierpinski\x64\debug\sierpinski.tlog\cl.command.1.tlog
c:\users\scorp\documents\sae\pdcg\sae_pdcg\principiosdecg\sierpinski\x64\debug\sierpinski.tlog\cl.read.1.tlog
c:\users\scorp\documents\sae\pdcg\sae_pdcg\principiosdecg\sierpinski\x64\debug\sierpinski.tlog\cl.write.1.tlog
c:\users\scorp\documents\sae\pdcg\sae_pdcg\principiosdecg\sierpinski\x64\debug\sierpinski.tlog\link.command.1.tlog
c:\users\scorp\documents\sae\pdcg\sae_pdcg\principiosdecg\sierpinski\x64\debug\sierpinski.tlog\link.read.1.tlog
c:\users\scorp\documents\sae\pdcg\sae_pdcg\principiosdecg\sierpinski\x64\debug\sierpinski.tlog\link.write.1.tlog
