c:\users\scorp\documents\sae\pdcg\sae_pdcg\principiosdecg\midpointline\x64\debug\vc141.pdb
c:\users\scorp\documents\sae\pdcg\sae_pdcg\principiosdecg\midpointline\x64\debug\vc141.idb
c:\users\scorp\documents\sae\pdcg\sae_pdcg\principiosdecg\midpointline\x64\debug\vector2d.obj
c:\users\scorp\documents\sae\pdcg\sae_pdcg\principiosdecg\midpointline\x64\debug\shaderfuncs.obj
c:\users\scorp\documents\sae\pdcg\sae_pdcg\principiosdecg\midpointline\x64\debug\pixel.obj
c:\users\scorp\documents\sae\pdcg\sae_pdcg\principiosdecg\midpointline\x64\debug\baseapplication.obj
c:\users\scorp\documents\sae\pdcg\sae_pdcg\principiosdecg\midpointline\x64\debug\midpointline.obj
c:\users\scorp\documents\sae\pdcg\sae_pdcg\principiosdecg\midpointline\x64\debug\application.obj
c:\users\scorp\documents\sae\pdcg\sae_pdcg\principiosdecg\midpointline\x64\debug\vector3d.obj
c:\users\scorp\documents\sae\pdcg\sae_pdcg\principiosdecg\midpointline\x64\debug\matrix3.obj
c:\users\scorp\documents\sae\pdcg\sae_pdcg\principiosdecg\midpointline\x64\debug\pch.obj
c:\users\scorp\documents\sae\pdcg\sae_pdcg\principiosdecg\x64\debug\midpointline.exe
c:\users\scorp\documents\sae\pdcg\sae_pdcg\principiosdecg\x64\debug\midpointline.ilk
c:\users\scorp\documents\sae\pdcg\sae_pdcg\principiosdecg\x64\debug\midpointline.pdb
c:\users\scorp\documents\sae\pdcg\sae_pdcg\principiosdecg\midpointline\x64\debug\application.obj.enc
c:\users\scorp\documents\sae\pdcg\sae_pdcg\principiosdecg\midpointline\x64\debug\midpointline.pch
c:\users\scorp\documents\sae\pdcg\sae_pdcg\principiosdecg\midpointline\x64\debug\midpointline.tlog\cl.command.1.tlog
c:\users\scorp\documents\sae\pdcg\sae_pdcg\principiosdecg\midpointline\x64\debug\midpointline.tlog\cl.read.1.tlog
c:\users\scorp\documents\sae\pdcg\sae_pdcg\principiosdecg\midpointline\x64\debug\midpointline.tlog\cl.write.1.tlog
c:\users\scorp\documents\sae\pdcg\sae_pdcg\principiosdecg\midpointline\x64\debug\midpointline.tlog\link.command.1.tlog
c:\users\scorp\documents\sae\pdcg\sae_pdcg\principiosdecg\midpointline\x64\debug\midpointline.tlog\link.read.1.tlog
c:\users\scorp\documents\sae\pdcg\sae_pdcg\principiosdecg\midpointline\x64\debug\midpointline.tlog\link.write.1.tlog
